<?xml version="1.0" encoding="UTF-8"?>
<testsuite xmlns:xsi="http://www.w3.org/2001/XMLSchema-instance" xsi:noNamespaceSchemaLocation="https://maven.apache.org/surefire/maven-surefire-plugin/xsd/surefire-test-report.xsd" name="com.TestAreaCalculatorService" time="0.116" tests="6" errors="0" skipped="0" failures="3">
  <properties>
[...]
</properties>
  <testcase name="testCir" classname="com.TestAreaCalculatorService" time="0">
    <failure message="expected: &lt;100.0&gt; but was: &lt;314.1592653589793&gt;" type="org.opentest4j.AssertionFailedError"><![CDATA[org.opentest4j.AssertionFailedError: expected: <100.0> but was: <314.1592653589793>
	at com.TestAreaCalculatorService.testCir(TestAreaCalculatorService.java:46)
]]></failure>
    <system-out><![CDATA[2020-04-28 19:03:00.819  INFO 7832 --- [           main] .b.t.c.SpringBootTestContextBootstrapper : Neither @ContextConfiguration nor @ContextHierarchy found for test class [com.TestAreaCalculatorService], using SpringBootContextLoader
2020-04-28 19:03:00.820  INFO 7832 --- [           main] o.s.t.c.support.AbstractContextLoader    : Could not detect default resource locations for test class [com.TestAreaCalculatorService]: no resource found for suffixes {-context.xml, Context.groovy}.
2020-04-28 19:03:00.821  INFO 7832 --- [           main] t.c.s.AnnotationConfigContextLoaderUtils : Could not detect default configuration classes for test class [com.TestAreaCalculatorService]: TestAreaCalculatorService does not declare any static, non-private, non-final, nested classes annotated with @Configuration.
2020-04-28 19:03:00.878  INFO 7832 --- [           main] .b.t.c.SpringBootTestContextBootstrapper : Found @SpringBootConfiguration com.Application for test class com.TestAreaCalculatorService
2020-04-28 19:03:00.880  INFO 7832 --- [           main] .b.t.c.SpringBootTestContextBootstrapper : Loaded default TestExecutionListener class names from location [META-INF/spring.factories]: [org.springframework.boot.test.mock.mockito.MockitoTestExecutionListener, org.springframework.boot.test.mock.mockito.ResetMocksTestExecutionListener, org.springframework.boot.test.autoconfigure.restdocs.RestDocsTestExecutionListener, org.springframework.boot.test.autoconfigure.web.client.MockRestServiceServerResetTestExecutionListener, org.springframework.boot.test.autoconfigure.web.servlet.MockMvcPrintOnlyOnFailureTestExecutionListener, org.springframework.boot.test.autoconfigure.web.servlet.WebDriverTestExecutionListener, org.springframework.test.context.web.ServletTestExecutionListener, org.springframework.test.context.support.DirtiesContextBeforeModesTestExecutionListener, org.springframework.test.context.support.DependencyInjectionTestExecutionListener, org.springframework.test.context.support.DirtiesContextTestExecutionListener, org.springframework.test.context.transaction.TransactionalTestExecutionListener, org.springframework.test.context.jdbc.SqlScriptsTestExecutionListener]
2020-04-28 19:03:00.882  INFO 7832 --- [           main] .b.t.c.SpringBootTestContextBootstrapper : Using TestExecutionListeners: [org.springframework.test.context.web.ServletTestExecutionListener@7235f92b, org.springframework.test.context.support.DirtiesContextBeforeModesTestExecutionListener@7885776b, org.springframework.boot.test.mock.mockito.MockitoTestExecutionListener@497d4c96, org.springframework.boot.test.autoconfigure.SpringBootDependencyInjectionTestExecutionListener@3472947a, org.springframework.test.context.support.DirtiesContextTestExecutionListener@69d3cf7e, org.springframework.boot.test.mock.mockito.ResetMocksTestExecutionListener@3a3ed300, org.springframework.boot.test.autoconfigure.restdocs.RestDocsTestExecutionListener@1984212d, org.springframework.boot.test.autoconfigure.web.client.MockRestServiceServerResetTestExecutionListener@39f5b723, org.springframework.boot.test.autoconfigure.web.servlet.MockMvcPrintOnlyOnFailureTestExecutionListener@4eaa375c, org.springframework.boot.test.autoconfigure.web.servlet.WebDriverTestExecutionListener@2404b5a]
]]></system-out>
  </testcase>
  <testcase name="testSqr" classname="com.TestAreaCalculatorService" time="0">
    <failure message="expected: &lt;200.0&gt; but was: &lt;100.0&gt;" type="org.opentest4j.AssertionFailedError"><![CDATA[org.opentest4j.AssertionFailedError: expected: <200.0> but was: <100.0>
	at com.TestAreaCalculatorService.testSqr(TestAreaCalculatorService.java:36)
]]></failure>
  </testcase>
  <testcase name="testRect" classname="com.TestAreaCalculatorService" time="0">
    <failure message="expected: &lt;200.0&gt; but was: &lt;100.0&gt;" type="org.opentest4j.AssertionFailedError"><![CDATA[org.opentest4j.AssertionFailedError: expected: <200.0> but was: <100.0>
	at com.TestAreaCalculatorService.testRect(TestAreaCalculatorService.java:41)
]]></failure>
  </testcase>
  <testcase name="testCircle" classname="com.TestAreaCalculatorService" time="0"/>
  <testcase name="testSquare" classname="com.TestAreaCalculatorService" time="0"/>
  <testcase name="testRectangle" classname="com.TestAreaCalculatorService" time="0"/>
</testsuite>